#
# There is insufficient memory for the Java Runtime Environment to continue.
# Native memory allocation (mmap) failed to map 117440512 bytes for Failed to commit area from 0x0000000091800000 to 0x0000000098800000 of length 117440512.
# Possible reasons:
#   The system is out of physical RAM or swap space
#   The process is running with CompressedOops enabled, and the Java Heap may be blocking the growth of the native heap
# Possible solutions:
#   Reduce memory load on the system
#   Increase physical memory or swap space
#   Check if swap backing store is full
#   Decrease Java heap size (-Xmx/-Xms)
#   Decrease number of Java threads
#   Decrease Java thread stack sizes (-Xss)
#   Set larger code cache with -XX:ReservedCodeCacheSize=
#   JVM is running with Unscaled Compressed Oops mode in which the Java heap is
#     placed in the first 4GB address space. The Java Heap base address is the
#     maximum limit for the native heap growth. Please use -XX:HeapBaseMinAddress
#     to set the Java Heap base and to place the Java Heap above 4GB virtual address.
# This output file may be truncated or incomplete.
#
#  Out of Memory Error (./open/src/hotspot/os/windows/os_windows.cpp:3315), pid=12408, tid=12964
#
# JRE version:  (14.0.2+12) (build )
# Java VM: OpenJDK 64-Bit Server VM (14.0.2+12-46, mixed mode, sharing, tiered, compressed oops, g1 gc, windows-amd64)
# No core dump will be written. Minidumps are not enabled by default on client versions of Windows
#

---------------  S U M M A R Y ------------

Command Line: -Dfile.encoding=Cp1252 -XX:+ShowCodeDetailsInExceptionMessages ASimulatorSystem.deposit1

Host: AMD Ryzen 5 2500U with Radeon Vega Mobile Gfx  , 8 cores, 6G,  Windows 10 , 64 bit Build 19041 (10.0.19041.662)
Time: Tue Dec  8 20:31:41 2020 India Standard Time elapsed time: 0 seconds (0d 0h 0m 0s)

---------------  T H R E A D  ---------------

Current thread (0x00000276fe586000):  JavaThread "Unknown thread" [_thread_in_vm, id=12964, stack(0x000000c69f300000,0x000000c69f400000)]

Stack: [0x000000c69f300000,0x000000c69f400000]
Native frames: (J=compiled Java code, j=interpreted, Vv=VM code, C=native code)
V  [jvm.dll+0x5f8a9a]
V  [jvm.dll+0x74247a]
V  [jvm.dll+0x743c2f]
V  [jvm.dll+0x744273]
V  [jvm.dll+0x20d288]
V  [jvm.dll+0x5f5dea]
V  [jvm.dll+0x5eac45]
V  [jvm.dll+0x2c7e9c]
V  [jvm.dll+0x2c7cd2]
V  [jvm.dll+0x2cdbbc]
V  [jvm.dll+0x313fe8]
V  [jvm.dll+0x313710]
V  [jvm.dll+0x2a092a]
V  [jvm.dll+0x2a1a79]
V  [jvm.dll+0x71fd48]
V  [jvm.dll+0x321c14]
V  [jvm.dll+0x70112c]
V  [jvm.dll+0x392def]
V  [jvm.dll+0x394e61]
C  [jli.dll+0x524b]
C  [ucrtbase.dll+0x214c2]
C  [KERNEL32.DLL+0x17034]
C  [ntdll.dll+0x4d0d1]


---------------  P R O C E S S  ---------------

Threads class SMR info:
_java_thread_list=0x00007ff81afe3038, length=0, elements={
}

Java Threads: ( => current thread )

Other Threads:
  0x00000276fe5c4000 GCTaskThread "GC Thread#0" [stack: 0x000000c69f400000,0x000000c69f500000] [id=9768]
  0x00000276fe5d3000 ConcurrentGCThread "G1 Main Marker" [stack: 0x000000c69f500000,0x000000c69f600000] [id=13256]
  0x00000276fe5d8000 ConcurrentGCThread "G1 Conc#0" [stack: 0x000000c69f600000,0x000000c69f700000] [id=13272]

[error occurred during error reporting (printing all threads), id 0xc0000005, EXCEPTION_ACCESS_VIOLATION (0xc0000005) at pc=0x00007ff81a811257]

VM state:not at safepoint (not fully initialized)

VM Mutex/Monitor currently owned by a thread:  ([mutex/lock_event])
[0x00000276fe581680] Heap_lock - owner thread: 0x00000276fe586000

Heap address: 0x0000000091800000, size: 1768 MB, Compressed Oops mode: 32-bit
Narrow klass base: 0x0000000000000000, Narrow klass shift: 0

GC Heap History (0 events):
No events

Deoptimization events (0 events):
No events

Classes unloaded (0 events):
No events

Classes redefined (0 events):
No events

Internal exceptions (0 events):
No events

Events (2 events):
Event: 0.017 Loaded shared library C:\Users\Gurtej Randhawa\.p2\pool\plugins\org.eclipse.justj.openjdk.hotspot.jre.full.win32.x86_64_14.0.2.v20200815-0932\jre\bin\java.dll
Event: 0.019 Loaded shared library C:\Users\Gurtej Randhawa\.p2\pool\plugins\org.eclipse.justj.openjdk.hotspot.jre.full.win32.x86_64_14.0.2.v20200815-0932\jre\bin\zip.dll


Dynamic libraries:
0x00007ff65c220000 - 0x00007ff65c22d000 	C:\Users\Gurtej Randhawa\.p2\pool\plugins\org.eclipse.justj.openjdk.hotspot.jre.full.win32.x86_64_14.0.2.v20200815-0932\jre\bin\javaw.exe
0x00007ff863750000 - 0x00007ff863946000 	C:\WINDOWS\SYSTEM32\ntdll.dll
0x00007ff8627a0000 - 0x00007ff86285d000 	C:\WINDOWS\System32\KERNEL32.DLL
0x00007ff860f90000 - 0x00007ff861259000 	C:\WINDOWS\System32\KERNELBASE.dll
0x00007ff860e90000 - 0x00007ff860f90000 	C:\WINDOWS\System32\ucrtbase.dll
0x00007ff849e70000 - 0x00007ff849e88000 	C:\Users\Gurtej Randhawa\.p2\pool\plugins\org.eclipse.justj.openjdk.hotspot.jre.full.win32.x86_64_14.0.2.v20200815-0932\jre\bin\jli.dll
0x00007ff849e50000 - 0x00007ff849e65000 	C:\Users\Gurtej Randhawa\.p2\pool\plugins\org.eclipse.justj.openjdk.hotspot.jre.full.win32.x86_64_14.0.2.v20200815-0932\jre\bin\VCRUNTIME140.dll
0x00007ff8617e0000 - 0x00007ff861980000 	C:\WINDOWS\System32\USER32.dll
0x00007ff84dbd0000 - 0x00007ff84de6b000 	C:\WINDOWS\WinSxS\amd64_microsoft.windows.common-controls_6595b64144ccf1df_6.0.19041.488_none_ca04af081b815d21\COMCTL32.dll
0x00007ff861720000 - 0x00007ff861742000 	C:\WINDOWS\System32\win32u.dll
0x00007ff862f20000 - 0x00007ff862fbe000 	C:\WINDOWS\System32\msvcrt.dll
0x00007ff862280000 - 0x00007ff8622aa000 	C:\WINDOWS\System32\GDI32.dll
0x00007ff8614b0000 - 0x00007ff8615b9000 	C:\WINDOWS\System32\gdi32full.dll
0x00007ff8612b0000 - 0x00007ff86134d000 	C:\WINDOWS\System32\msvcp_win.dll
0x00007ff8617b0000 - 0x00007ff8617e0000 	C:\WINDOWS\System32\IMM32.DLL
0x00007ff83a0e0000 - 0x00007ff83a17b000 	C:\Users\Gurtej Randhawa\.p2\pool\plugins\org.eclipse.justj.openjdk.hotspot.jre.full.win32.x86_64_14.0.2.v20200815-0932\jre\bin\msvcp140.dll
0x00007ff81a560000 - 0x00007ff81b07e000 	C:\Users\Gurtej Randhawa\.p2\pool\plugins\org.eclipse.justj.openjdk.hotspot.jre.full.win32.x86_64_14.0.2.v20200815-0932\jre\bin\server\jvm.dll
0x00007ff862d70000 - 0x00007ff862e1c000 	C:\WINDOWS\System32\ADVAPI32.dll
0x00007ff862e20000 - 0x00007ff862ebc000 	C:\WINDOWS\System32\sechost.dll
0x00007ff862420000 - 0x00007ff86254b000 	C:\WINDOWS\System32\RPCRT4.dll
0x00007ff862870000 - 0x00007ff862878000 	C:\WINDOWS\System32\PSAPI.DLL
0x00007ff85d5b0000 - 0x00007ff85d5b9000 	C:\WINDOWS\SYSTEM32\WSOCK32.dll
0x00007ff858060000 - 0x00007ff85806a000 	C:\WINDOWS\SYSTEM32\VERSION.dll
0x00007ff858030000 - 0x00007ff858057000 	C:\WINDOWS\SYSTEM32\WINMM.dll
0x00007ff862550000 - 0x00007ff8625bb000 	C:\WINDOWS\System32\ws2_32.DLL
0x00007ff85ede0000 - 0x00007ff85edf2000 	C:\WINDOWS\SYSTEM32\kernel.appcore.dll
0x00007ff8549b0000 - 0x00007ff8549ba000 	C:\Users\Gurtej Randhawa\.p2\pool\plugins\org.eclipse.justj.openjdk.hotspot.jre.full.win32.x86_64_14.0.2.v20200815-0932\jre\bin\jimage.dll
0x00007ff855690000 - 0x00007ff855874000 	C:\WINDOWS\SYSTEM32\DBGHELP.DLL
0x00007ff850b30000 - 0x00007ff850b5c000 	C:\WINDOWS\SYSTEM32\dbgcore.DLL
0x00007ff861430000 - 0x00007ff8614b0000 	C:\WINDOWS\System32\bcryptPrimitives.dll
0x00007ff84a2b0000 - 0x00007ff84a2d5000 	C:\Users\Gurtej Randhawa\.p2\pool\plugins\org.eclipse.justj.openjdk.hotspot.jre.full.win32.x86_64_14.0.2.v20200815-0932\jre\bin\java.dll
0x00007ff84f690000 - 0x00007ff84f6a6000 	C:\Users\Gurtej Randhawa\.p2\pool\plugins\org.eclipse.justj.openjdk.hotspot.jre.full.win32.x86_64_14.0.2.v20200815-0932\jre\bin\zip.dll

dbghelp: loaded successfully - version: 4.0.5 - missing functions: none
symbol engine: initialized successfully - sym options: 0x614 - pdb path: .;C:\Users\Gurtej Randhawa\.p2\pool\plugins\org.eclipse.justj.openjdk.hotspot.jre.full.win32.x86_64_14.0.2.v20200815-0932\jre\bin;C:\WINDOWS\SYSTEM32;C:\WINDOWS\WinSxS\amd64_microsoft.windows.common-controls_6595b64144ccf1df_6.0.19041.488_none_ca04af081b815d21;C:\Users\Gurtej Randhawa\.p2\pool\plugins\org.eclipse.justj.openjdk.hotspot.jre.full.win32.x86_64_14.0.2.v20200815-0932\jre\bin\server

VM Arguments:
jvm_args: -Dfile.encoding=Cp1252 -XX:+ShowCodeDetailsInExceptionMessages 
java_command: ASimulatorSystem.deposit1
java_class_path (initial): E:\ATM-Simulator-System-master\ATM-Simulator-System\build\classes;C:\Users\Gurtej Randhawa\Downloads\mysql-connector-java-8.0.22\mysql-connector-java-8.0.22.jar
Launcher Type: SUN_STANDARD

[Global flags]
     intx CICompilerCount                          = 4                                         {product} {ergonomic}
     uint ConcGCThreads                            = 2                                         {product} {ergonomic}
     uint G1ConcRefinementThreads                  = 8                                         {product} {ergonomic}
   size_t G1HeapRegionSize                         = 1048576                                   {product} {ergonomic}
    uintx GCDrainStackTargetSize                   = 64                                        {product} {ergonomic}
   size_t InitialHeapSize                          = 117440512                                 {product} {ergonomic}
   size_t MarkStackSize                            = 4194304                                   {product} {ergonomic}
   size_t MaxHeapSize                              = 1853882368                                {product} {ergonomic}
   size_t MinHeapDeltaBytes                        = 1048576                                   {product} {ergonomic}
   size_t MinHeapSize                              = 8388608                                   {product} {ergonomic}
    uintx NonNMethodCodeHeapSize                   = 5839372                                {pd product} {ergonomic}
    uintx NonProfiledCodeHeapSize                  = 122909434                              {pd product} {ergonomic}
    uintx ProfiledCodeHeapSize                     = 122909434                              {pd product} {ergonomic}
    uintx ReservedCodeCacheSize                    = 251658240                              {pd product} {ergonomic}
     bool SegmentedCodeCache                       = true                                      {product} {ergonomic}
     bool ShowCodeDetailsInExceptionMessages       = true                                   {manageable} {command line}
   size_t SoftMaxHeapSize                          = 1853882368                             {manageable} {ergonomic}
     bool UseCompressedClassPointers               = true                                 {lp64_product} {ergonomic}
     bool UseCompressedOops                        = true                                 {lp64_product} {ergonomic}
     bool UseG1GC                                  = true                                      {product} {ergonomic}
     bool UseLargePagesIndividualAllocation        = false                                  {pd product} {ergonomic}

Logging:
Log output configuration:
 #0: stdout all=warning uptime,level,tags
 #1: stderr all=off uptime,level,tags

Environment Variables:
PATH=C:/Users/Gurtej Randhawa/.p2/pool/plugins/org.eclipse.justj.openjdk.hotspot.jre.full.win32.x86_64_14.0.2.v20200815-0932/jre/bin/server;C:/Users/Gurtej Randhawa/.p2/pool/plugins/org.eclipse.justj.openjdk.hotspot.jre.full.win32.x86_64_14.0.2.v20200815-0932/jre/bin;C:\Program Files (x86)\Common Files\Oracle\Java\javapath;C:\WINDOWS\system32;C:\WINDOWS;C:\WINDOWS\System32\Wbem;C:\WINDOWS\System32\WindowsPowerShell\v1.0\;C:\WINDOWS\System32\OpenSSH\;C:\Users\Gurtej Randhawa\AppData\Local\Microsoft\WindowsApps;;C:\Users\Gurtej Randhawa\eclipse\java-2020-093\eclipse;
USERNAME=Gurtej (Admin)
OS=Windows_NT
PROCESSOR_IDENTIFIER=AMD64 Family 23 Model 17 Stepping 0, AuthenticAMD



---------------  S Y S T E M  ---------------

OS: Windows 10 , 64 bit Build 19041 (10.0.19041.662)
OS uptime: 0 days 10:58 hours

CPU:total 8 (initial active 8) (8 cores per cpu, 2 threads per core) family 23 model 17 stepping 0, cmov, cx8, fxsr, mmx, sse, sse2, sse3, ssse3, sse4.1, sse4.2, popcnt, avx, avx2, aes, clmul, mmxext, 3dnowpref, lzcnt, sse4a, ht, tsc, tscinvbit, tscinv, bmi1, bmi2, adx, sha, fma

Memory: 4k page, system-wide physical 7068M (380M free)
TotalPageFile size 28572M (AvailPageFile size 105M)
current process WorkingSet (physical memory assigned to process): 10M, peak: 10M
current process commit charge ("private bytes"): 60M, peak: 171M

vm_info: OpenJDK 64-Bit Server VM (14.0.2+12-46) for windows-amd64 JRE (14.0.2+12-46), built on Jul  9 2020 00:31:16 by "mach5one" with MS VC++ 15.9 (VS2017)

END.
